ARM GAS  C:\Users\IZSOAN~1\AppData\Local\Temp\ccBLAGzm.s 			page 1


   1              		.syntax unified
   2              		.cpu cortex-m3
   3              		.fpu softvfp
   4              		.eabi_attribute 20, 1
   5              		.eabi_attribute 21, 1
   6              		.eabi_attribute 23, 3
   7              		.eabi_attribute 24, 1
   8              		.eabi_attribute 25, 1
   9              		.eabi_attribute 26, 1
  10              		.eabi_attribute 30, 1
  11              		.eabi_attribute 34, 1
  12              		.eabi_attribute 18, 4
  13              		.thumb
  14              		.syntax unified
  15              		.file	"cymetadata.c"
  16              		.text
  17              	.Ltext0:
  18              		.cfi_sections	.debug_frame
  19              		.global	cy_metadata
  20              		.global	cy_meta_flashprotect
  21              		.global	cy_meta_wonvl
  22              		.global	cy_meta_custnvl
  23              		.global	cy_meta_configecc
  24              		.section	.cyconfigecc,"a",%progbits
  25              		.align	2
  26              		.type	cy_meta_configecc, %object
  27              		.size	cy_meta_configecc, 1240
  28              	cy_meta_configecc:
  29 0000 08       		.byte	8
  30 0001 4F       		.byte	79
  31 0002 00       		.byte	0
  32 0003 40       		.byte	64
  33 0004 01       		.byte	1
  34 0005 52       		.byte	82
  35 0006 00       		.byte	0
  36 0007 40       		.byte	64
  37 0008 01       		.byte	1
  38 0009 64       		.byte	100
  39 000a 00       		.byte	0
  40 000b 40       		.byte	64
  41 000c 02       		.byte	2
  42 000d 65       		.byte	101
  43 000e 00       		.byte	0
  44 000f 40       		.byte	64
  45 0010 01       		.byte	1
  46 0011 05       		.byte	5
  47 0012 01       		.byte	1
  48 0013 40       		.byte	64
  49 0014 54       		.byte	84
  50 0015 08       		.byte	8
  51 0016 01       		.byte	1
  52 0017 40       		.byte	64
  53 0018 31       		.byte	49
  54 0019 09       		.byte	9
  55 001a 01       		.byte	1
  56 001b 40       		.byte	64
  57 001c 03       		.byte	3
ARM GAS  C:\Users\IZSOAN~1\AppData\Local\Temp\ccBLAGzm.s 			page 2


  58 001d 0B       		.byte	11
  59 001e 01       		.byte	1
  60 001f 40       		.byte	64
  61 0020 04       		.byte	4
  62 0021 0C       		.byte	12
  63 0022 01       		.byte	1
  64 0023 40       		.byte	64
  65 0024 02       		.byte	2
  66 0025 0D       		.byte	13
  67 0026 01       		.byte	1
  68 0027 40       		.byte	64
  69 0028 01       		.byte	1
  70 0029 15       		.byte	21
  71 002a 01       		.byte	1
  72 002b 40       		.byte	64
  73 002c 02       		.byte	2
  74 002d 17       		.byte	23
  75 002e 01       		.byte	1
  76 002f 40       		.byte	64
  77 0030 50       		.byte	80
  78 0031 18       		.byte	24
  79 0032 01       		.byte	1
  80 0033 40       		.byte	64
  81 0034 4B       		.byte	75
  82 0035 19       		.byte	25
  83 0036 01       		.byte	1
  84 0037 40       		.byte	64
  85 0038 4E       		.byte	78
  86 0039 1A       		.byte	26
  87 003a 01       		.byte	1
  88 003b 40       		.byte	64
  89 003c 3F       		.byte	63
  90 003d 1B       		.byte	27
  91 003e 01       		.byte	1
  92 003f 40       		.byte	64
  93 0040 02       		.byte	2
  94 0041 40       		.byte	64
  95 0042 01       		.byte	1
  96 0043 40       		.byte	64
  97 0044 03       		.byte	3
  98 0045 41       		.byte	65
  99 0046 01       		.byte	1
 100 0047 40       		.byte	64
 101 0048 0F       		.byte	15
 102 0049 42       		.byte	66
 103 004a 01       		.byte	1
 104 004b 40       		.byte	64
 105 004c 07       		.byte	7
 106 004d 43       		.byte	67
 107 004e 01       		.byte	1
 108 004f 40       		.byte	64
 109 0050 02       		.byte	2
 110 0051 44       		.byte	68
 111 0052 01       		.byte	1
 112 0053 40       		.byte	64
 113 0054 03       		.byte	3
 114 0055 45       		.byte	69
ARM GAS  C:\Users\IZSOAN~1\AppData\Local\Temp\ccBLAGzm.s 			page 3


 115 0056 01       		.byte	1
 116 0057 40       		.byte	64
 117 0058 05       		.byte	5
 118 0059 46       		.byte	70
 119 005a 01       		.byte	1
 120 005b 40       		.byte	64
 121 005c 02       		.byte	2
 122 005d 47       		.byte	71
 123 005e 01       		.byte	1
 124 005f 40       		.byte	64
 125 0060 05       		.byte	5
 126 0061 48       		.byte	72
 127 0062 01       		.byte	1
 128 0063 40       		.byte	64
 129 0064 01       		.byte	1
 130 0065 49       		.byte	73
 131 0066 01       		.byte	1
 132 0067 40       		.byte	64
 133 0068 07       		.byte	7
 134 0069 4C       		.byte	76
 135 006a 01       		.byte	1
 136 006b 40       		.byte	64
 137 006c 0C       		.byte	12
 138 006d 4D       		.byte	77
 139 006e 01       		.byte	1
 140 006f 40       		.byte	64
 141 0070 04       		.byte	4
 142 0071 50       		.byte	80
 143 0072 01       		.byte	1
 144 0073 40       		.byte	64
 145 0074 01       		.byte	1
 146 0075 51       		.byte	81
 147 0076 01       		.byte	1
 148 0077 40       		.byte	64
 149 0078 01       		.byte	1
 150 0079 30       		.byte	48
 151 007a 0A       		.byte	10
 152 007b 4B       		.byte	75
 153 007c 0D       		.byte	13
 154 007d 30       		.byte	48
 155 007e 16       		.byte	22
 156 007f 4B       		.byte	75
 157 0080 19       		.byte	25
 158 0081 30       		.byte	48
 159 0082 22       		.byte	34
 160 0083 4B       		.byte	75
 161 0084 25       		.byte	37
 162 0085 20       		.byte	32
 163 0086 2E       		.byte	46
 164 0087 4B       		.byte	75
 165 0088 11       		.byte	17
 166 0089 20       		.byte	32
 167 008a 88       		.byte	-120
 168 008b 38       		.byte	56
 169 008c 88       		.byte	-120
 170 008d 72       		.byte	114
 171 008e 8A       		.byte	-118
ARM GAS  C:\Users\IZSOAN~1\AppData\Local\Temp\ccBLAGzm.s 			page 4


 172 008f 0F       		.byte	15
 173 0090 EA       		.byte	-22
 174 0091 0E       		.byte	14
 175 0092 02       		.byte	2
 176 0093 02       		.byte	2
 177 0094 05       		.byte	5
 178 0095 0D       		.byte	13
 179 0096 06       		.byte	6
 180 0097 02       		.byte	2
 181 0098 07       		.byte	7
 182 0099 02       		.byte	2
 183 009a 08       		.byte	8
 184 009b 01       		.byte	1
 185 009c 0B       		.byte	11
 186 009d 02       		.byte	2
 187 009e 11       		.byte	17
 188 009f 0D       		.byte	13
 189 00a0 13       		.byte	19
 190 00a1 02       		.byte	2
 191 00a2 15       		.byte	21
 192 00a3 0F       		.byte	15
 193 00a4 19       		.byte	25
 194 00a5 0C       		.byte	12
 195 00a6 1A       		.byte	26
 196 00a7 04       		.byte	4
 197 00a8 1E       		.byte	30
 198 00a9 04       		.byte	4
 199 00aa 22       		.byte	34
 200 00ab 01       		.byte	1
 201 00ac 25       		.byte	37
 202 00ad 04       		.byte	4
 203 00ae 29       		.byte	41
 204 00af 03       		.byte	3
 205 00b0 2A       		.byte	42
 206 00b1 01       		.byte	1
 207 00b2 2B       		.byte	43
 208 00b3 0C       		.byte	12
 209 00b4 2C       		.byte	44
 210 00b5 01       		.byte	1
 211 00b6 2D       		.byte	45
 212 00b7 08       		.byte	8
 213 00b8 32       		.byte	50
 214 00b9 04       		.byte	4
 215 00ba 34       		.byte	52
 216 00bb 01       		.byte	1
 217 00bc 35       		.byte	53
 218 00bd 01       		.byte	1
 219 00be 36       		.byte	54
 220 00bf 02       		.byte	2
 221 00c0 37       		.byte	55
 222 00c1 0E       		.byte	14
 223 00c2 38       		.byte	56
 224 00c3 20       		.byte	32
 225 00c4 3B       		.byte	59
 226 00c5 80       		.byte	-128
 227 00c6 3E       		.byte	62
 228 00c7 44       		.byte	68
ARM GAS  C:\Users\IZSOAN~1\AppData\Local\Temp\ccBLAGzm.s 			page 5


 229 00c8 3F       		.byte	63
 230 00c9 10       		.byte	16
 231 00ca 54       		.byte	84
 232 00cb 18       		.byte	24
 233 00cc 58       		.byte	88
 234 00cd 04       		.byte	4
 235 00ce 59       		.byte	89
 236 00cf 04       		.byte	4
 237 00d0 5B       		.byte	91
 238 00d1 04       		.byte	4
 239 00d2 5C       		.byte	92
 240 00d3 11       		.byte	17
 241 00d4 5D       		.byte	93
 242 00d5 10       		.byte	16
 243 00d6 5F       		.byte	95
 244 00d7 01       		.byte	1
 245 00d8 84       		.byte	-124
 246 00d9 D0       		.byte	-48
 247 00da 85       		.byte	-123
 248 00db 01       		.byte	1
 249 00dc 86       		.byte	-122
 250 00dd 0C       		.byte	12
 251 00de 87       		.byte	-121
 252 00df 06       		.byte	6
 253 00e0 88       		.byte	-120
 254 00e1 20       		.byte	32
 255 00e2 8A       		.byte	-118
 256 00e3 03       		.byte	3
 257 00e4 8C       		.byte	-116
 258 00e5 9C       		.byte	-100
 259 00e6 8D       		.byte	-115
 260 00e7 0C       		.byte	12
 261 00e8 8E       		.byte	-114
 262 00e9 02       		.byte	2
 263 00ea 8F       		.byte	-113
 264 00eb 03       		.byte	3
 265 00ec 94       		.byte	-108
 266 00ed 09       		.byte	9
 267 00ee 96       		.byte	-106
 268 00ef 10       		.byte	16
 269 00f0 97       		.byte	-105
 270 00f1 03       		.byte	3
 271 00f2 9B       		.byte	-101
 272 00f3 0C       		.byte	12
 273 00f4 9C       		.byte	-100
 274 00f5 CC       		.byte	-52
 275 00f6 9E       		.byte	-98
 276 00f7 11       		.byte	17
 277 00f8 A0       		.byte	-96
 278 00f9 14       		.byte	20
 279 00fa A1       		.byte	-95
 280 00fb 01       		.byte	1
 281 00fc A3       		.byte	-93
 282 00fd 0E       		.byte	14
 283 00fe A4       		.byte	-92
 284 00ff 10       		.byte	16
 285 0100 A7       		.byte	-89
ARM GAS  C:\Users\IZSOAN~1\AppData\Local\Temp\ccBLAGzm.s 			page 6


 286 0101 08       		.byte	8
 287 0102 AA       		.byte	-86
 288 0103 40       		.byte	64
 289 0104 B0       		.byte	-80
 290 0105 C0       		.byte	-64
 291 0106 B1       		.byte	-79
 292 0107 0F       		.byte	15
 293 0108 B2       		.byte	-78
 294 0109 1F       		.byte	31
 295 010a B4       		.byte	-76
 296 010b 20       		.byte	32
 297 010c B8       		.byte	-72
 298 010d 02       		.byte	2
 299 010e BB       		.byte	-69
 300 010f 02       		.byte	2
 301 0110 BE       		.byte	-66
 302 0111 11       		.byte	17
 303 0112 C0       		.byte	-64
 304 0113 04       		.byte	4
 305 0114 C5       		.byte	-59
 306 0115 04       		.byte	4
 307 0116 C9       		.byte	-55
 308 0117 FF       		.byte	-1
 309 0118 CA       		.byte	-54
 310 0119 07       		.byte	7
 311 011a CB       		.byte	-53
 312 011b FF       		.byte	-1
 313 011c CC       		.byte	-52
 314 011d 40       		.byte	64
 315 011e CD       		.byte	-51
 316 011f 20       		.byte	32
 317 0120 CE       		.byte	-50
 318 0121 F0       		.byte	-16
 319 0122 CF       		.byte	-49
 320 0123 05       		.byte	5
 321 0124 D0       		.byte	-48
 322 0125 08       		.byte	8
 323 0126 D8       		.byte	-40
 324 0127 04       		.byte	4
 325 0128 D9       		.byte	-39
 326 0129 04       		.byte	4
 327 012a DA       		.byte	-38
 328 012b 04       		.byte	4
 329 012c DC       		.byte	-36
 330 012d 11       		.byte	17
 331 012e DD       		.byte	-35
 332 012f 01       		.byte	1
 333 0130 DF       		.byte	-33
 334 0131 01       		.byte	1
 335 0132 E0       		.byte	-32
 336 0133 40       		.byte	64
 337 0134 E1       		.byte	-31
 338 0135 A8       		.byte	-88
 339 0136 E2       		.byte	-30
 340 0137 40       		.byte	64
 341 0138 E3       		.byte	-29
 342 0139 20       		.byte	32
ARM GAS  C:\Users\IZSOAN~1\AppData\Local\Temp\ccBLAGzm.s 			page 7


 343 013a 00       		.byte	0
 344 013b 94       		.byte	-108
 345 013c 06       		.byte	6
 346 013d 40       		.byte	64
 347 013e 07       		.byte	7
 348 013f 14       		.byte	20
 349 0140 08       		.byte	8
 350 0141 40       		.byte	64
 351 0142 0A       		.byte	10
 352 0143 21       		.byte	33
 353 0144 0D       		.byte	13
 354 0145 20       		.byte	32
 355 0146 0F       		.byte	15
 356 0147 02       		.byte	2
 357 0148 10       		.byte	16
 358 0149 88       		.byte	-120
 359 014a 12       		.byte	18
 360 014b 20       		.byte	32
 361 014c 16       		.byte	22
 362 014d 08       		.byte	8
 363 014e 17       		.byte	23
 364 014f 41       		.byte	65
 365 0150 18       		.byte	24
 366 0151 50       		.byte	80
 367 0152 19       		.byte	25
 368 0153 20       		.byte	32
 369 0154 1D       		.byte	29
 370 0155 60       		.byte	96
 371 0156 1F       		.byte	31
 372 0157 04       		.byte	4
 373 0158 20       		.byte	32
 374 0159 80       		.byte	-128
 375 015a 23       		.byte	35
 376 015b 40       		.byte	64
 377 015c 26       		.byte	38
 378 015d 10       		.byte	16
 379 015e 27       		.byte	39
 380 015f 01       		.byte	1
 381 0160 28       		.byte	40
 382 0161 40       		.byte	64
 383 0162 29       		.byte	41
 384 0163 04       		.byte	4
 385 0164 2C       		.byte	44
 386 0165 20       		.byte	32
 387 0166 2D       		.byte	45
 388 0167 80       		.byte	-128
 389 0168 2F       		.byte	47
 390 0169 08       		.byte	8
 391 016a 30       		.byte	48
 392 016b 08       		.byte	8
 393 016c 32       		.byte	50
 394 016d 10       		.byte	16
 395 016e 37       		.byte	55
 396 016f 25       		.byte	37
 397 0170 38       		.byte	56
 398 0171 04       		.byte	4
 399 0172 3B       		.byte	59
ARM GAS  C:\Users\IZSOAN~1\AppData\Local\Temp\ccBLAGzm.s 			page 8


 400 0173 40       		.byte	64
 401 0174 3C       		.byte	60
 402 0175 08       		.byte	8
 403 0176 3D       		.byte	61
 404 0177 20       		.byte	32
 405 0178 3E       		.byte	62
 406 0179 08       		.byte	8
 407 017a 40       		.byte	64
 408 017b 40       		.byte	64
 409 017c 48       		.byte	72
 410 017d 10       		.byte	16
 411 017e 49       		.byte	73
 412 017f 04       		.byte	4
 413 0180 4A       		.byte	74
 414 0181 20       		.byte	32
 415 0182 50       		.byte	80
 416 0183 08       		.byte	8
 417 0184 5F       		.byte	95
 418 0185 01       		.byte	1
 419 0186 65       		.byte	101
 420 0187 40       		.byte	64
 421 0188 67       		.byte	103
 422 0189 08       		.byte	8
 423 018a C0       		.byte	-64
 424 018b 77       		.byte	119
 425 018c C2       		.byte	-62
 426 018d C5       		.byte	-59
 427 018e C4       		.byte	-60
 428 018f DE       		.byte	-34
 429 0190 CA       		.byte	-54
 430 0191 73       		.byte	115
 431 0192 CC       		.byte	-52
 432 0193 E6       		.byte	-26
 433 0194 CE       		.byte	-50
 434 0195 6A       		.byte	106
 435 0196 D0       		.byte	-48
 436 0197 01       		.byte	1
 437 0198 D6       		.byte	-42
 438 0199 80       		.byte	-128
 439 019a D8       		.byte	-40
 440 019b 30       		.byte	48
 441 019c AB       		.byte	-85
 442 019d 08       		.byte	8
 443 019e AF       		.byte	-81
 444 019f 28       		.byte	40
 445 01a0 B4       		.byte	-76
 446 01a1 40       		.byte	64
 447 01a2 39       		.byte	57
 448 01a3 2A       		.byte	42
 449 01a4 3F       		.byte	63
 450 01a5 15       		.byte	21
 451 01a6 59       		.byte	89
 452 01a7 04       		.byte	4
 453 01a8 5F       		.byte	95
 454 01a9 01       		.byte	1
 455 01aa 24       		.byte	36
 456 01ab 40       		.byte	64
ARM GAS  C:\Users\IZSOAN~1\AppData\Local\Temp\ccBLAGzm.s 			page 9


 457 01ac 27       		.byte	39
 458 01ad 28       		.byte	40
 459 01ae EC       		.byte	-20
 460 01af 10       		.byte	16
 461 01b0 E8       		.byte	-24
 462 01b1 10       		.byte	16
 463 01b2 EC       		.byte	-20
 464 01b3 08       		.byte	8
 465 01b4 00       		.byte	0
 466 01b5 0C       		.byte	12
 467 01b6 01       		.byte	1
 468 01b7 07       		.byte	7
 469 01b8 04       		.byte	4
 470 01b9 04       		.byte	4
 471 01ba 05       		.byte	5
 472 01bb 08       		.byte	8
 473 01bc 06       		.byte	6
 474 01bd 02       		.byte	2
 475 01be 08       		.byte	8
 476 01bf 08       		.byte	8
 477 01c0 09       		.byte	9
 478 01c1 08       		.byte	8
 479 01c2 0A       		.byte	10
 480 01c3 02       		.byte	2
 481 01c4 0D       		.byte	13
 482 01c5 08       		.byte	8
 483 01c6 10       		.byte	16
 484 01c7 0C       		.byte	12
 485 01c8 11       		.byte	17
 486 01c9 01       		.byte	1
 487 01ca 12       		.byte	18
 488 01cb 01       		.byte	1
 489 01cc 13       		.byte	19
 490 01cd 06       		.byte	6
 491 01ce 15       		.byte	21
 492 01cf 07       		.byte	7
 493 01d0 16       		.byte	22
 494 01d1 0C       		.byte	12
 495 01d2 19       		.byte	25
 496 01d3 06       		.byte	6
 497 01d4 1D       		.byte	29
 498 01d5 04       		.byte	4
 499 01d6 22       		.byte	34
 500 01d7 0C       		.byte	12
 501 01d8 24       		.byte	36
 502 01d9 0C       		.byte	12
 503 01da 25       		.byte	37
 504 01db 02       		.byte	2
 505 01dc 2A       		.byte	42
 506 01dd 0C       		.byte	12
 507 01de 2B       		.byte	43
 508 01df 01       		.byte	1
 509 01e0 2D       		.byte	45
 510 01e1 06       		.byte	6
 511 01e2 2F       		.byte	47
 512 01e3 01       		.byte	1
 513 01e4 30       		.byte	48
ARM GAS  C:\Users\IZSOAN~1\AppData\Local\Temp\ccBLAGzm.s 			page 10


 514 01e5 0C       		.byte	12
 515 01e6 33       		.byte	51
 516 01e7 07       		.byte	7
 517 01e8 35       		.byte	53
 518 01e9 08       		.byte	8
 519 01ea 36       		.byte	54
 520 01eb 03       		.byte	3
 521 01ec 3E       		.byte	62
 522 01ed 40       		.byte	64
 523 01ee 40       		.byte	64
 524 01ef 56       		.byte	86
 525 01f0 41       		.byte	65
 526 01f1 03       		.byte	3
 527 01f2 42       		.byte	66
 528 01f3 02       		.byte	2
 529 01f4 44       		.byte	68
 530 01f5 01       		.byte	1
 531 01f6 46       		.byte	70
 532 01f7 0C       		.byte	12
 533 01f8 47       		.byte	71
 534 01f9 E0       		.byte	-32
 535 01fa 48       		.byte	72
 536 01fb 24       		.byte	36
 537 01fc 49       		.byte	73
 538 01fd FF       		.byte	-1
 539 01fe 4A       		.byte	74
 540 01ff FF       		.byte	-1
 541 0200 4B       		.byte	75
 542 0201 FF       		.byte	-1
 543 0202 4C       		.byte	76
 544 0203 62       		.byte	98
 545 0204 4D       		.byte	77
 546 0205 A0       		.byte	-96
 547 0206 4E       		.byte	78
 548 0207 F0       		.byte	-16
 549 0208 4F       		.byte	79
 550 0209 41       		.byte	65
 551 020a 50       		.byte	80
 552 020b 0C       		.byte	12
 553 020c 56       		.byte	86
 554 020d 02       		.byte	2
 555 020e 57       		.byte	87
 556 020f 11       		.byte	17
 557 0210 58       		.byte	88
 558 0211 04       		.byte	4
 559 0212 59       		.byte	89
 560 0213 04       		.byte	4
 561 0214 5A       		.byte	90
 562 0215 04       		.byte	4
 563 0216 5B       		.byte	91
 564 0217 04       		.byte	4
 565 0218 5C       		.byte	92
 566 0219 11       		.byte	17
 567 021a 5D       		.byte	93
 568 021b 11       		.byte	17
 569 021c 5F       		.byte	95
 570 021d 01       		.byte	1
ARM GAS  C:\Users\IZSOAN~1\AppData\Local\Temp\ccBLAGzm.s 			page 11


 571 021e 66       		.byte	102
 572 021f 40       		.byte	64
 573 0220 67       		.byte	103
 574 0221 02       		.byte	2
 575 0222 69       		.byte	105
 576 0223 10       		.byte	16
 577 0224 6A       		.byte	106
 578 0225 30       		.byte	48
 579 0226 6B       		.byte	107
 580 0227 10       		.byte	16
 581 0228 6D       		.byte	109
 582 0229 10       		.byte	16
 583 022a 6E       		.byte	110
 584 022b 10       		.byte	16
 585 022c 6F       		.byte	111
 586 022d 12       		.byte	18
 587 022e 85       		.byte	-123
 588 022f 01       		.byte	1
 589 0230 86       		.byte	-122
 590 0231 05       		.byte	5
 591 0232 8A       		.byte	-118
 592 0233 02       		.byte	2
 593 0234 8C       		.byte	-116
 594 0235 06       		.byte	6
 595 0236 8E       		.byte	-114
 596 0237 01       		.byte	1
 597 0238 91       		.byte	-111
 598 0239 01       		.byte	1
 599 023a 95       		.byte	-107
 600 023b 02       		.byte	2
 601 023c 96       		.byte	-106
 602 023d 06       		.byte	6
 603 023e 9E       		.byte	-98
 604 023f 03       		.byte	3
 605 0240 AA       		.byte	-86
 606 0241 01       		.byte	1
 607 0242 AF       		.byte	-81
 608 0243 01       		.byte	1
 609 0244 B5       		.byte	-75
 610 0245 03       		.byte	3
 611 0246 B6       		.byte	-74
 612 0247 07       		.byte	7
 613 0248 B9       		.byte	-71
 614 0249 20       		.byte	32
 615 024a BA       		.byte	-70
 616 024b 80       		.byte	-128
 617 024c D8       		.byte	-40
 618 024d 04       		.byte	4
 619 024e D9       		.byte	-39
 620 024f 04       		.byte	4
 621 0250 DC       		.byte	-36
 622 0251 11       		.byte	17
 623 0252 DF       		.byte	-33
 624 0253 01       		.byte	1
 625 0254 00       		.byte	0
 626 0255 A4       		.byte	-92
 627 0256 03       		.byte	3
ARM GAS  C:\Users\IZSOAN~1\AppData\Local\Temp\ccBLAGzm.s 			page 12


 628 0257 02       		.byte	2
 629 0258 04       		.byte	4
 630 0259 20       		.byte	32
 631 025a 05       		.byte	5
 632 025b 08       		.byte	8
 633 025c 07       		.byte	7
 634 025d 40       		.byte	64
 635 025e 0A       		.byte	10
 636 025f 21       		.byte	33
 637 0260 0E       		.byte	14
 638 0261 80       		.byte	-128
 639 0262 0F       		.byte	15
 640 0263 10       		.byte	16
 641 0264 10       		.byte	16
 642 0265 08       		.byte	8
 643 0266 15       		.byte	21
 644 0267 10       		.byte	16
 645 0268 16       		.byte	22
 646 0269 80       		.byte	-128
 647 026a 17       		.byte	23
 648 026b 05       		.byte	5
 649 026c 1A       		.byte	26
 650 026d 03       		.byte	3
 651 026e 1D       		.byte	29
 652 026f 80       		.byte	-128
 653 0270 1F       		.byte	31
 654 0271 01       		.byte	1
 655 0272 21       		.byte	33
 656 0273 10       		.byte	16
 657 0274 22       		.byte	34
 658 0275 10       		.byte	16
 659 0276 24       		.byte	36
 660 0277 08       		.byte	8
 661 0278 25       		.byte	37
 662 0279 10       		.byte	16
 663 027a 27       		.byte	39
 664 027b 10       		.byte	16
 665 027c 2B       		.byte	43
 666 027d 02       		.byte	2
 667 027e 2C       		.byte	44
 668 027f 20       		.byte	32
 669 0280 2D       		.byte	45
 670 0281 10       		.byte	16
 671 0282 2E       		.byte	46
 672 0283 80       		.byte	-128
 673 0284 30       		.byte	48
 674 0285 08       		.byte	8
 675 0286 32       		.byte	50
 676 0287 01       		.byte	1
 677 0288 34       		.byte	52
 678 0289 02       		.byte	2
 679 028a 35       		.byte	53
 680 028b 80       		.byte	-128
 681 028c 37       		.byte	55
 682 028d 24       		.byte	36
 683 028e 38       		.byte	56
 684 028f 04       		.byte	4
ARM GAS  C:\Users\IZSOAN~1\AppData\Local\Temp\ccBLAGzm.s 			page 13


 685 0290 3D       		.byte	61
 686 0291 01       		.byte	1
 687 0292 3E       		.byte	62
 688 0293 54       		.byte	84
 689 0294 45       		.byte	69
 690 0295 80       		.byte	-128
 691 0296 47       		.byte	71
 692 0297 14       		.byte	20
 693 0298 48       		.byte	72
 694 0299 04       		.byte	4
 695 029a 4B       		.byte	75
 696 029b 10       		.byte	16
 697 029c 4C       		.byte	76
 698 029d 04       		.byte	4
 699 029e 4D       		.byte	77
 700 029f 10       		.byte	16
 701 02a0 4F       		.byte	79
 702 02a1 40       		.byte	64
 703 02a2 56       		.byte	86
 704 02a3 40       		.byte	64
 705 02a4 57       		.byte	87
 706 02a5 01       		.byte	1
 707 02a6 5E       		.byte	94
 708 02a7 20       		.byte	32
 709 02a8 67       		.byte	103
 710 02a9 03       		.byte	3
 711 02aa 6E       		.byte	110
 712 02ab 54       		.byte	84
 713 02ac 74       		.byte	116
 714 02ad 20       		.byte	32
 715 02ae 75       		.byte	117
 716 02af 80       		.byte	-128
 717 02b0 76       		.byte	118
 718 02b1 01       		.byte	1
 719 02b2 77       		.byte	119
 720 02b3 28       		.byte	40
 721 02b4 88       		.byte	-120
 722 02b5 02       		.byte	2
 723 02b6 89       		.byte	-119
 724 02b7 01       		.byte	1
 725 02b8 8B       		.byte	-117
 726 02b9 58       		.byte	88
 727 02ba 94       		.byte	-108
 728 02bb 04       		.byte	4
 729 02bc 96       		.byte	-106
 730 02bd 21       		.byte	33
 731 02be 97       		.byte	-105
 732 02bf 01       		.byte	1
 733 02c0 9B       		.byte	-101
 734 02c1 01       		.byte	1
 735 02c2 9D       		.byte	-99
 736 02c3 80       		.byte	-128
 737 02c4 9E       		.byte	-98
 738 02c5 40       		.byte	64
 739 02c6 9F       		.byte	-97
 740 02c7 74       		.byte	116
 741 02c8 A0       		.byte	-96
ARM GAS  C:\Users\IZSOAN~1\AppData\Local\Temp\ccBLAGzm.s 			page 14


 742 02c9 58       		.byte	88
 743 02ca A2       		.byte	-94
 744 02cb 10       		.byte	16
 745 02cc A4       		.byte	-92
 746 02cd A4       		.byte	-92
 747 02ce A5       		.byte	-91
 748 02cf 10       		.byte	16
 749 02d0 A7       		.byte	-89
 750 02d1 09       		.byte	9
 751 02d2 AD       		.byte	-83
 752 02d3 20       		.byte	32
 753 02d4 C0       		.byte	-64
 754 02d5 77       		.byte	119
 755 02d6 C2       		.byte	-62
 756 02d7 35       		.byte	53
 757 02d8 C4       		.byte	-60
 758 02d9 72       		.byte	114
 759 02da CA       		.byte	-54
 760 02db 78       		.byte	120
 761 02dc CC       		.byte	-52
 762 02dd F3       		.byte	-13
 763 02de CE       		.byte	-50
 764 02df F2       		.byte	-14
 765 02e0 D0       		.byte	-48
 766 02e1 70       		.byte	112
 767 02e2 D2       		.byte	-46
 768 02e3 30       		.byte	48
 769 02e4 D6       		.byte	-42
 770 02e5 20       		.byte	32
 771 02e6 E8       		.byte	-24
 772 02e7 10       		.byte	16
 773 02e8 EC       		.byte	-20
 774 02e9 0A       		.byte	10
 775 02ea 04       		.byte	4
 776 02eb 02       		.byte	2
 777 02ec 05       		.byte	5
 778 02ed 03       		.byte	3
 779 02ee 07       		.byte	7
 780 02ef 0C       		.byte	12
 781 02f0 08       		.byte	8
 782 02f1 01       		.byte	1
 783 02f2 0B       		.byte	11
 784 02f3 08       		.byte	8
 785 02f4 0D       		.byte	13
 786 02f5 03       		.byte	3
 787 02f6 0E       		.byte	14
 788 02f7 02       		.byte	2
 789 02f8 0F       		.byte	15
 790 02f9 04       		.byte	4
 791 02fa 17       		.byte	23
 792 02fb 05       		.byte	5
 793 02fc 19       		.byte	25
 794 02fd 03       		.byte	3
 795 02fe 1B       		.byte	27
 796 02ff 04       		.byte	4
 797 0300 1C       		.byte	28
 798 0301 02       		.byte	2
ARM GAS  C:\Users\IZSOAN~1\AppData\Local\Temp\ccBLAGzm.s 			page 15


 799 0302 26       		.byte	38
 800 0303 02       		.byte	2
 801 0304 2A       		.byte	42
 802 0305 02       		.byte	2
 803 0306 2D       		.byte	45
 804 0307 0A       		.byte	10
 805 0308 2F       		.byte	47
 806 0309 04       		.byte	4
 807 030a 30       		.byte	48
 808 030b 02       		.byte	2
 809 030c 32       		.byte	50
 810 030d 01       		.byte	1
 811 030e 35       		.byte	53
 812 030f 0F       		.byte	15
 813 0310 3B       		.byte	59
 814 0311 20       		.byte	32
 815 0312 3E       		.byte	62
 816 0313 05       		.byte	5
 817 0314 40       		.byte	64
 818 0315 26       		.byte	38
 819 0316 41       		.byte	65
 820 0317 01       		.byte	1
 821 0318 45       		.byte	69
 822 0319 0C       		.byte	12
 823 031a 46       		.byte	70
 824 031b 0B       		.byte	11
 825 031c 47       		.byte	71
 826 031d 0E       		.byte	14
 827 031e 48       		.byte	72
 828 031f 15       		.byte	21
 829 0320 49       		.byte	73
 830 0321 FF       		.byte	-1
 831 0322 4A       		.byte	74
 832 0323 FF       		.byte	-1
 833 0324 4B       		.byte	75
 834 0325 FF       		.byte	-1
 835 0326 4E       		.byte	78
 836 0327 F0       		.byte	-16
 837 0328 4F       		.byte	79
 838 0329 44       		.byte	68
 839 032a 50       		.byte	80
 840 032b 0C       		.byte	12
 841 032c 54       		.byte	84
 842 032d 01       		.byte	1
 843 032e 58       		.byte	88
 844 032f 04       		.byte	4
 845 0330 59       		.byte	89
 846 0331 04       		.byte	4
 847 0332 5A       		.byte	90
 848 0333 04       		.byte	4
 849 0334 5B       		.byte	91
 850 0335 04       		.byte	4
 851 0336 5C       		.byte	92
 852 0337 10       		.byte	16
 853 0338 5D       		.byte	93
 854 0339 11       		.byte	17
 855 033a 5F       		.byte	95
ARM GAS  C:\Users\IZSOAN~1\AppData\Local\Temp\ccBLAGzm.s 			page 16


 856 033b 01       		.byte	1
 857 033c 66       		.byte	102
 858 033d C0       		.byte	-64
 859 033e 6A       		.byte	106
 860 033f 40       		.byte	64
 861 0340 6B       		.byte	107
 862 0341 02       		.byte	2
 863 0342 80       		.byte	-128
 864 0343 67       		.byte	103
 865 0344 81       		.byte	-127
 866 0345 0A       		.byte	10
 867 0346 82       		.byte	-126
 868 0347 18       		.byte	24
 869 0348 83       		.byte	-125
 870 0349 31       		.byte	49
 871 034a 84       		.byte	-124
 872 034b 18       		.byte	24
 873 034c 85       		.byte	-123
 874 034d 1F       		.byte	31
 875 034e 88       		.byte	-120
 876 034f 40       		.byte	64
 877 0350 89       		.byte	-119
 878 0351 1F       		.byte	31
 879 0352 8C       		.byte	-116
 880 0353 10       		.byte	16
 881 0354 90       		.byte	-112
 882 0355 60       		.byte	96
 883 0356 94       		.byte	-108
 884 0357 7F       		.byte	127
 885 0358 98       		.byte	-104
 886 0359 1C       		.byte	28
 887 035a 99       		.byte	-103
 888 035b 14       		.byte	20
 889 035c 9A       		.byte	-102
 890 035d 62       		.byte	98
 891 035e 9B       		.byte	-101
 892 035f 09       		.byte	9
 893 0360 9D       		.byte	-99
 894 0361 01       		.byte	1
 895 0362 9E       		.byte	-98
 896 0363 04       		.byte	4
 897 0364 9F       		.byte	-97
 898 0365 06       		.byte	6
 899 0366 A0       		.byte	-96
 900 0367 7C       		.byte	124
 901 0368 A2       		.byte	-94
 902 0369 01       		.byte	1
 903 036a A4       		.byte	-92
 904 036b 08       		.byte	8
 905 036c AA       		.byte	-86
 906 036d 63       		.byte	99
 907 036e AC       		.byte	-84
 908 036f 24       		.byte	36
 909 0370 B1       		.byte	-79
 910 0371 20       		.byte	32
 911 0372 B2       		.byte	-78
 912 0373 78       		.byte	120
ARM GAS  C:\Users\IZSOAN~1\AppData\Local\Temp\ccBLAGzm.s 			page 17


 913 0374 B3       		.byte	-77
 914 0375 18       		.byte	24
 915 0376 B4       		.byte	-76
 916 0377 1F       		.byte	31
 917 0378 B7       		.byte	-73
 918 0379 07       		.byte	7
 919 037a BA       		.byte	-70
 920 037b 28       		.byte	40
 921 037c BB       		.byte	-69
 922 037d 20       		.byte	32
 923 037e D8       		.byte	-40
 924 037f 04       		.byte	4
 925 0380 D9       		.byte	-39
 926 0381 04       		.byte	4
 927 0382 DC       		.byte	-36
 928 0383 11       		.byte	17
 929 0384 DF       		.byte	-33
 930 0385 01       		.byte	1
 931 0386 00       		.byte	0
 932 0387 84       		.byte	-124
 933 0388 01       		.byte	1
 934 0389 80       		.byte	-128
 935 038a 02       		.byte	2
 936 038b 08       		.byte	8
 937 038c 04       		.byte	4
 938 038d 20       		.byte	32
 939 038e 06       		.byte	6
 940 038f 01       		.byte	1
 941 0390 07       		.byte	7
 942 0391 60       		.byte	96
 943 0392 0A       		.byte	10
 944 0393 01       		.byte	1
 945 0394 0E       		.byte	14
 946 0395 AA       		.byte	-86
 947 0396 10       		.byte	16
 948 0397 28       		.byte	40
 949 0398 15       		.byte	21
 950 0399 10       		.byte	16
 951 039a 16       		.byte	22
 952 039b 02       		.byte	2
 953 039c 17       		.byte	23
 954 039d 09       		.byte	9
 955 039e 19       		.byte	25
 956 039f 04       		.byte	4
 957 03a0 1A       		.byte	26
 958 03a1 40       		.byte	64
 959 03a2 1C       		.byte	28
 960 03a3 08       		.byte	8
 961 03a4 1E       		.byte	30
 962 03a5 08       		.byte	8
 963 03a6 1F       		.byte	31
 964 03a7 08       		.byte	8
 965 03a8 20       		.byte	32
 966 03a9 04       		.byte	4
 967 03aa 24       		.byte	36
 968 03ab 20       		.byte	32
 969 03ac 26       		.byte	38
ARM GAS  C:\Users\IZSOAN~1\AppData\Local\Temp\ccBLAGzm.s 			page 18


 970 03ad 51       		.byte	81
 971 03ae 27       		.byte	39
 972 03af 14       		.byte	20
 973 03b0 29       		.byte	41
 974 03b1 80       		.byte	-128
 975 03b2 30       		.byte	48
 976 03b3 38       		.byte	56
 977 03b4 36       		.byte	54
 978 03b5 40       		.byte	64
 979 03b6 37       		.byte	55
 980 03b7 10       		.byte	16
 981 03b8 38       		.byte	56
 982 03b9 04       		.byte	4
 983 03ba 39       		.byte	57
 984 03bb A0       		.byte	-96
 985 03bc 3E       		.byte	62
 986 03bd 16       		.byte	22
 987 03be 40       		.byte	64
 988 03bf 04       		.byte	4
 989 03c0 41       		.byte	65
 990 03c1 40       		.byte	64
 991 03c2 42       		.byte	66
 992 03c3 01       		.byte	1
 993 03c4 48       		.byte	72
 994 03c5 28       		.byte	40
 995 03c6 50       		.byte	80
 996 03c7 80       		.byte	-128
 997 03c8 52       		.byte	82
 998 03c9 08       		.byte	8
 999 03ca 58       		.byte	88
 1000 03cb 10       		.byte	16
 1001 03cc 59       		.byte	89
 1002 03cd 05       		.byte	5
 1003 03ce 5A       		.byte	90
 1004 03cf 40       		.byte	64
 1005 03d0 81       		.byte	-127
 1006 03d1 01       		.byte	1
 1007 03d2 82       		.byte	-126
 1008 03d3 08       		.byte	8
 1009 03d4 83       		.byte	-125
 1010 03d5 48       		.byte	72
 1011 03d6 89       		.byte	-119
 1012 03d7 08       		.byte	8
 1013 03d8 8A       		.byte	-118
 1014 03d9 02       		.byte	2
 1015 03da 91       		.byte	-111
 1016 03db 30       		.byte	48
 1017 03dc 92       		.byte	-110
 1018 03dd 15       		.byte	21
 1019 03de 94       		.byte	-108
 1020 03df 24       		.byte	36
 1021 03e0 9A       		.byte	-102
 1022 03e1 01       		.byte	1
 1023 03e2 9B       		.byte	-101
 1024 03e3 29       		.byte	41
 1025 03e4 9D       		.byte	-99
 1026 03e5 08       		.byte	8
ARM GAS  C:\Users\IZSOAN~1\AppData\Local\Temp\ccBLAGzm.s 			page 19


 1027 03e6 9F       		.byte	-97
 1028 03e7 44       		.byte	68
 1029 03e8 A0       		.byte	-96
 1030 03e9 48       		.byte	72
 1031 03ea A4       		.byte	-92
 1032 03eb 84       		.byte	-124
 1033 03ec A6       		.byte	-90
 1034 03ed 40       		.byte	64
 1035 03ee A7       		.byte	-89
 1036 03ef 08       		.byte	8
 1037 03f0 C0       		.byte	-64
 1038 03f1 F7       		.byte	-9
 1039 03f2 C2       		.byte	-62
 1040 03f3 F1       		.byte	-15
 1041 03f4 C4       		.byte	-60
 1042 03f5 F6       		.byte	-10
 1043 03f6 CA       		.byte	-54
 1044 03f7 08       		.byte	8
 1045 03f8 CC       		.byte	-52
 1046 03f9 36       		.byte	54
 1047 03fa CE       		.byte	-50
 1048 03fb EE       		.byte	-18
 1049 03fc D0       		.byte	-48
 1050 03fd 0C       		.byte	12
 1051 03fe D2       		.byte	-46
 1052 03ff 04       		.byte	4
 1053 0400 D6       		.byte	-42
 1054 0401 0F       		.byte	15
 1055 0402 EC       		.byte	-20
 1056 0403 10       		.byte	16
 1057 0404 32       		.byte	50
 1058 0405 10       		.byte	16
 1059 0406 CC       		.byte	-52
 1060 0407 10       		.byte	16
 1061 0408 8D       		.byte	-115
 1062 0409 40       		.byte	64
 1063 040a 8E       		.byte	-114
 1064 040b 10       		.byte	16
 1065 040c 96       		.byte	-106
 1066 040d 20       		.byte	32
 1067 040e 50       		.byte	80
 1068 040f 04       		.byte	4
 1069 0410 5B       		.byte	91
 1070 0411 01       		.byte	1
 1071 0412 5F       		.byte	95
 1072 0413 08       		.byte	8
 1073 0414 63       		.byte	99
 1074 0415 80       		.byte	-128
 1075 0416 67       		.byte	103
 1076 0417 80       		.byte	-128
 1077 0418 93       		.byte	-109
 1078 0419 80       		.byte	-128
 1079 041a 95       		.byte	-107
 1080 041b 40       		.byte	64
 1081 041c 9B       		.byte	-101
 1082 041d 09       		.byte	9
 1083 041e A3       		.byte	-93
ARM GAS  C:\Users\IZSOAN~1\AppData\Local\Temp\ccBLAGzm.s 			page 20


 1084 041f 40       		.byte	64
 1085 0420 AB       		.byte	-85
 1086 0421 48       		.byte	72
 1087 0422 AF       		.byte	-81
 1088 0423 41       		.byte	65
 1089 0424 D4       		.byte	-44
 1090 0425 20       		.byte	32
 1091 0426 D6       		.byte	-42
 1092 0427 C0       		.byte	-64
 1093 0428 D8       		.byte	-40
 1094 0429 C0       		.byte	-64
 1095 042a EA       		.byte	-22
 1096 042b 70       		.byte	112
 1097 042c 11       		.byte	17
 1098 042d 40       		.byte	64
 1099 042e 18       		.byte	24
 1100 042f 18       		.byte	24
 1101 0430 1F       		.byte	31
 1102 0431 04       		.byte	4
 1103 0432 94       		.byte	-108
 1104 0433 08       		.byte	8
 1105 0434 95       		.byte	-107
 1106 0435 40       		.byte	64
 1107 0436 C4       		.byte	-60
 1108 0437 40       		.byte	64
 1109 0438 C6       		.byte	-58
 1110 0439 70       		.byte	112
 1111 043a 7C       		.byte	124
 1112 043b 20       		.byte	32
 1113 043c DE       		.byte	-34
 1114 043d 01       		.byte	1
 1115 043e 60       		.byte	96
 1116 043f 80       		.byte	-128
 1117 0440 9C       		.byte	-100
 1118 0441 20       		.byte	32
 1119 0442 D8       		.byte	-40
 1120 0443 02       		.byte	2
 1121 0444 45       		.byte	69
 1122 0445 08       		.byte	8
 1123 0446 9C       		.byte	-100
 1124 0447 80       		.byte	-128
 1125 0448 B4       		.byte	-76
 1126 0449 20       		.byte	32
 1127 044a D0       		.byte	-48
 1128 044b 01       		.byte	1
 1129 044c E8       		.byte	-24
 1130 044d 02       		.byte	2
 1131 044e 9C       		.byte	-100
 1132 044f 80       		.byte	-128
 1133 0450 A5       		.byte	-91
 1134 0451 08       		.byte	8
 1135 0452 25       		.byte	37
 1136 0453 10       		.byte	16
 1137 0454 AF       		.byte	-81
 1138 0455 04       		.byte	4
 1139 0456 B4       		.byte	-76
 1140 0457 10       		.byte	16
ARM GAS  C:\Users\IZSOAN~1\AppData\Local\Temp\ccBLAGzm.s 			page 21


 1141 0458 C8       		.byte	-56
 1142 0459 20       		.byte	32
 1143 045a EC       		.byte	-20
 1144 045b 10       		.byte	16
 1145 045c B5       		.byte	-75
 1146 045d 10       		.byte	16
 1147 045e 93       		.byte	-109
 1148 045f 40       		.byte	64
 1149 0460 99       		.byte	-103
 1150 0461 02       		.byte	2
 1151 0462 A5       		.byte	-91
 1152 0463 08       		.byte	8
 1153 0464 AD       		.byte	-83
 1154 0465 02       		.byte	2
 1155 0466 AF       		.byte	-81
 1156 0467 40       		.byte	64
 1157 0468 B4       		.byte	-76
 1158 0469 80       		.byte	-128
 1159 046a E8       		.byte	-24
 1160 046b 08       		.byte	8
 1161 046c 10       		.byte	16
 1162 046d 40       		.byte	64
 1163 046e 73       		.byte	115
 1164 046f 40       		.byte	64
 1165 0470 75       		.byte	117
 1166 0471 02       		.byte	2
 1167 0472 88       		.byte	-120
 1168 0473 40       		.byte	64
 1169 0474 93       		.byte	-109
 1170 0475 40       		.byte	64
 1171 0476 99       		.byte	-103
 1172 0477 02       		.byte	2
 1173 0478 B5       		.byte	-75
 1174 0479 08       		.byte	8
 1175 047a C4       		.byte	-60
 1176 047b 08       		.byte	8
 1177 047c DC       		.byte	-36
 1178 047d 01       		.byte	1
 1179 047e DE       		.byte	-34
 1180 047f 04       		.byte	4
 1181 0480 E2       		.byte	-30
 1182 0481 01       		.byte	1
 1183 0482 EC       		.byte	-20
 1184 0483 08       		.byte	8
 1185 0484 00       		.byte	0
 1186 0485 02       		.byte	2
 1187 0486 0C       		.byte	12
 1188 0487 02       		.byte	2
 1189 0488 10       		.byte	16
 1190 0489 02       		.byte	2
 1191 048a 1C       		.byte	28
 1192 048b 02       		.byte	2
 1193 048c 00       		.byte	0
 1194 048d 02       		.byte	2
 1195 048e 00       		.byte	0
 1196 048f 00       		.byte	0
 1197 0490 10       		.byte	16
ARM GAS  C:\Users\IZSOAN~1\AppData\Local\Temp\ccBLAGzm.s 			page 22


 1198 0491 91       		.byte	-111
 1199 0492 00       		.byte	0
 1200 0493 00       		.byte	0
 1201 0494 40       		.byte	64
 1202 0495 00       		.byte	0
 1203 0496 00       		.byte	0
 1204 0497 00       		.byte	0
 1205 0498 02       		.byte	2
 1206 0499 00       		.byte	0
 1207 049a 00       		.byte	0
 1208 049b 02       		.byte	2
 1209 049c 00       		.byte	0
 1210 049d 00       		.byte	0
 1211 049e 00       		.byte	0
 1212 049f 00       		.byte	0
 1213 04a0 20       		.byte	32
 1214 04a1 00       		.byte	0
 1215 04a2 00       		.byte	0
 1216 04a3 00       		.byte	0
 1217 04a4 80       		.byte	-128
 1218 04a5 00       		.byte	0
 1219 04a6 40       		.byte	64
 1220 04a7 91       		.byte	-111
 1221 04a8 91       		.byte	-111
 1222 04a9 00       		.byte	0
 1223 04aa 91       		.byte	-111
 1224 04ab 00       		.byte	0
 1225 04ac 00       		.byte	0
 1226 04ad 00       		.byte	0
 1227 04ae 00       		.byte	0
 1228 04af 00       		.byte	0
 1229 04b0 01       		.byte	1
 1230 04b1 00       		.byte	0
 1231 04b2 00       		.byte	0
 1232 04b3 25       		.byte	37
 1233 04b4 24       		.byte	36
 1234 04b5 00       		.byte	0
 1235 04b6 00       		.byte	0
 1236 04b7 00       		.byte	0
 1237 04b8 00       		.byte	0
 1238 04b9 00       		.byte	0
 1239 04ba 00       		.byte	0
 1240 04bb 00       		.byte	0
 1241 04bc 00       		.byte	0
 1242 04bd 0B       		.byte	11
 1243 04be 0B       		.byte	11
 1244 04bf 00       		.byte	0
 1245 04c0 00       		.byte	0
 1246 04c1 00       		.byte	0
 1247 04c2 00       		.byte	0
 1248 04c3 00       		.byte	0
 1249 04c4 00       		.byte	0
 1250 04c5 22       		.byte	34
 1251 04c6 22       		.byte	34
 1252 04c7 00       		.byte	0
 1253 04c8 20       		.byte	32
 1254 04c9 00       		.byte	0
ARM GAS  C:\Users\IZSOAN~1\AppData\Local\Temp\ccBLAGzm.s 			page 23


 1255 04ca 00       		.byte	0
 1256 04cb 00       		.byte	0
 1257 04cc 00       		.byte	0
 1258 04cd 00       		.byte	0
 1259 04ce 00       		.byte	0
 1260 04cf 00       		.byte	0
 1261 04d0 00       		.byte	0
 1262 04d1 00       		.byte	0
 1263 04d2 50       		.byte	80
 1264 04d3 00       		.byte	0
 1265 04d4 08       		.byte	8
 1266 04d5 00       		.byte	0
 1267 04d6 18       		.byte	24
 1268 04d7 01       		.byte	1
 1269              		.section	.cywolatch,"a",%progbits
 1270              		.align	2
 1271              		.type	cy_meta_wonvl, %object
 1272              		.size	cy_meta_wonvl, 4
 1273              	cy_meta_wonvl:
 1274 0000 BC       		.byte	-68
 1275 0001 90       		.byte	-112
 1276 0002 AC       		.byte	-84
 1277 0003 AF       		.byte	-81
 1278              		.section	.cycustnvl,"a",%progbits
 1279              		.align	2
 1280              		.type	cy_meta_custnvl, %object
 1281              		.size	cy_meta_custnvl, 4
 1282              	cy_meta_custnvl:
 1283 0000 00       		.byte	0
 1284 0001 00       		.byte	0
 1285 0002 40       		.byte	64
 1286 0003 05       		.byte	5
 1287              		.section	.cymeta,"a",%progbits
 1288              		.align	2
 1289              		.type	cy_metadata, %object
 1290              		.size	cy_metadata, 12
 1291              	cy_metadata:
 1292 0000 00       		.byte	0
 1293 0001 01       		.byte	1
 1294 0002 2E       		.byte	46
 1295 0003 16       		.byte	22
 1296 0004 10       		.byte	16
 1297 0005 69       		.byte	105
 1298 0006 00       		.byte	0
 1299 0007 01       		.byte	1
 1300 0008 00       		.byte	0
 1301 0009 00       		.byte	0
 1302 000a 00       		.byte	0
 1303 000b 00       		.byte	0
 1304              		.section	.cyflashprotect,"a",%progbits
 1305              		.align	2
 1306              		.type	cy_meta_flashprotect, %object
 1307              		.size	cy_meta_flashprotect, 256
 1308              	cy_meta_flashprotect:
 1309 0000 00000000 		.space	256
 1309      00000000 
 1309      00000000 
ARM GAS  C:\Users\IZSOAN~1\AppData\Local\Temp\ccBLAGzm.s 			page 24


 1309      00000000 
 1309      00000000 
 1310              		.text
 1311              	.Letext0:
 1312              		.file 1 "c:\\program files (x86)\\cypress\\psoc creator\\4.2\\psoc creator\\import\\gnu\\arm\\5.4.
 1313              		.file 2 "c:\\program files (x86)\\cypress\\psoc creator\\4.2\\psoc creator\\import\\gnu\\arm\\5.4.
 1314              		.file 3 "Generated_Source\\PSoC5\\cymetadata.c"
 1315              		.section	.debug_info,"",%progbits
 1316              	.Ldebug_info0:
 1317 0000 32010000 		.4byte	0x132
 1318 0004 0400     		.2byte	0x4
 1319 0006 00000000 		.4byte	.Ldebug_abbrev0
 1320 000a 04       		.byte	0x4
 1321 000b 01       		.uleb128 0x1
 1322 000c 2C000000 		.4byte	.LASF17
 1323 0010 0C       		.byte	0xc
 1324 0011 CD010000 		.4byte	.LASF18
 1325 0015 25010000 		.4byte	.LASF19
 1326 0019 00000000 		.4byte	.Ldebug_line0
 1327 001d 02       		.uleb128 0x2
 1328 001e 01       		.byte	0x1
 1329 001f 06       		.byte	0x6
 1330 0020 C1010000 		.4byte	.LASF0
 1331 0024 03       		.uleb128 0x3
 1332 0025 00000000 		.4byte	.LASF9
 1333 0029 01       		.byte	0x1
 1334 002a 1D       		.byte	0x1d
 1335 002b 2F000000 		.4byte	0x2f
 1336 002f 02       		.uleb128 0x2
 1337 0030 01       		.byte	0x1
 1338 0031 08       		.byte	0x8
 1339 0032 1E000000 		.4byte	.LASF1
 1340 0036 02       		.uleb128 0x2
 1341 0037 02       		.byte	0x2
 1342 0038 05       		.byte	0x5
 1343 0039 AE010000 		.4byte	.LASF2
 1344 003d 02       		.uleb128 0x2
 1345 003e 02       		.byte	0x2
 1346 003f 07       		.byte	0x7
 1347 0040 CC000000 		.4byte	.LASF3
 1348 0044 02       		.uleb128 0x2
 1349 0045 04       		.byte	0x4
 1350 0046 05       		.byte	0x5
 1351 0047 B8010000 		.4byte	.LASF4
 1352 004b 02       		.uleb128 0x2
 1353 004c 04       		.byte	0x4
 1354 004d 07       		.byte	0x7
 1355 004e BA000000 		.4byte	.LASF5
 1356 0052 02       		.uleb128 0x2
 1357 0053 08       		.byte	0x8
 1358 0054 05       		.byte	0x5
 1359 0055 A0010000 		.4byte	.LASF6
 1360 0059 02       		.uleb128 0x2
 1361 005a 08       		.byte	0x8
 1362 005b 07       		.byte	0x7
 1363 005c 0E010000 		.4byte	.LASF7
 1364 0060 04       		.uleb128 0x4
ARM GAS  C:\Users\IZSOAN~1\AppData\Local\Temp\ccBLAGzm.s 			page 25


 1365 0061 04       		.byte	0x4
 1366 0062 05       		.byte	0x5
 1367 0063 696E7400 		.ascii	"int\000"
 1368 0067 02       		.uleb128 0x2
 1369 0068 04       		.byte	0x4
 1370 0069 07       		.byte	0x7
 1371 006a 01010000 		.4byte	.LASF8
 1372 006e 03       		.uleb128 0x3
 1373 006f 0A000000 		.4byte	.LASF10
 1374 0073 02       		.byte	0x2
 1375 0074 18       		.byte	0x18
 1376 0075 24000000 		.4byte	0x24
 1377 0079 05       		.uleb128 0x5
 1378 007a 91000000 		.4byte	0x91
 1379 007e 8A000000 		.4byte	0x8a
 1380 0082 06       		.uleb128 0x6
 1381 0083 8A000000 		.4byte	0x8a
 1382 0087 D704     		.2byte	0x4d7
 1383 0089 00       		.byte	0
 1384 008a 02       		.uleb128 0x2
 1385 008b 04       		.byte	0x4
 1386 008c 07       		.byte	0x7
 1387 008d 97010000 		.4byte	.LASF11
 1388 0091 07       		.uleb128 0x7
 1389 0092 6E000000 		.4byte	0x6e
 1390 0096 08       		.uleb128 0x8
 1391 0097 EF000000 		.4byte	.LASF12
 1392 009b 03       		.byte	0x3
 1393 009c 1F       		.byte	0x1f
 1394 009d A7000000 		.4byte	0xa7
 1395 00a1 05       		.uleb128 0x5
 1396 00a2 03       		.byte	0x3
 1397 00a3 00000000 		.4byte	cy_meta_configecc
 1398 00a7 07       		.uleb128 0x7
 1399 00a8 79000000 		.4byte	0x79
 1400 00ac 05       		.uleb128 0x5
 1401 00ad 91000000 		.4byte	0x91
 1402 00b1 BC000000 		.4byte	0xbc
 1403 00b5 09       		.uleb128 0x9
 1404 00b6 8A000000 		.4byte	0x8a
 1405 00ba 03       		.byte	0x3
 1406 00bb 00       		.byte	0
 1407 00bc 08       		.uleb128 0x8
 1408 00bd DF000000 		.4byte	.LASF13
 1409 00c1 03       		.byte	0x3
 1410 00c2 C7       		.byte	0xc7
 1411 00c3 CD000000 		.4byte	0xcd
 1412 00c7 05       		.uleb128 0x5
 1413 00c8 03       		.byte	0x3
 1414 00c9 00000000 		.4byte	cy_meta_custnvl
 1415 00cd 07       		.uleb128 0x7
 1416 00ce AC000000 		.4byte	0xac
 1417 00d2 08       		.uleb128 0x8
 1418 00d3 89010000 		.4byte	.LASF14
 1419 00d7 03       		.byte	0x3
 1420 00d8 D5       		.byte	0xd5
 1421 00d9 E3000000 		.4byte	0xe3
ARM GAS  C:\Users\IZSOAN~1\AppData\Local\Temp\ccBLAGzm.s 			page 26


 1422 00dd 05       		.uleb128 0x5
 1423 00de 03       		.byte	0x3
 1424 00df 00000000 		.4byte	cy_meta_wonvl
 1425 00e3 07       		.uleb128 0x7
 1426 00e4 AC000000 		.4byte	0xac
 1427 00e8 05       		.uleb128 0x5
 1428 00e9 91000000 		.4byte	0x91
 1429 00ed F8000000 		.4byte	0xf8
 1430 00f1 09       		.uleb128 0x9
 1431 00f2 8A000000 		.4byte	0x8a
 1432 00f6 FF       		.byte	0xff
 1433 00f7 00       		.byte	0
 1434 00f8 08       		.uleb128 0x8
 1435 00f9 74010000 		.4byte	.LASF15
 1436 00fd 03       		.byte	0x3
 1437 00fe E3       		.byte	0xe3
 1438 00ff 09010000 		.4byte	0x109
 1439 0103 05       		.uleb128 0x5
 1440 0104 03       		.byte	0x3
 1441 0105 00000000 		.4byte	cy_meta_flashprotect
 1442 0109 07       		.uleb128 0x7
 1443 010a E8000000 		.4byte	0xe8
 1444 010e 05       		.uleb128 0x5
 1445 010f 91000000 		.4byte	0x91
 1446 0113 1E010000 		.4byte	0x11e
 1447 0117 09       		.uleb128 0x9
 1448 0118 8A000000 		.4byte	0x8a
 1449 011c 0B       		.byte	0xb
 1450 011d 00       		.byte	0
 1451 011e 0A       		.uleb128 0xa
 1452 011f 12000000 		.4byte	.LASF16
 1453 0123 03       		.byte	0x3
 1454 0124 1001     		.2byte	0x110
 1455 0126 30010000 		.4byte	0x130
 1456 012a 05       		.uleb128 0x5
 1457 012b 03       		.byte	0x3
 1458 012c 00000000 		.4byte	cy_metadata
 1459 0130 07       		.uleb128 0x7
 1460 0131 0E010000 		.4byte	0x10e
 1461 0135 00       		.byte	0
 1462              		.section	.debug_abbrev,"",%progbits
 1463              	.Ldebug_abbrev0:
 1464 0000 01       		.uleb128 0x1
 1465 0001 11       		.uleb128 0x11
 1466 0002 01       		.byte	0x1
 1467 0003 25       		.uleb128 0x25
 1468 0004 0E       		.uleb128 0xe
 1469 0005 13       		.uleb128 0x13
 1470 0006 0B       		.uleb128 0xb
 1471 0007 03       		.uleb128 0x3
 1472 0008 0E       		.uleb128 0xe
 1473 0009 1B       		.uleb128 0x1b
 1474 000a 0E       		.uleb128 0xe
 1475 000b 10       		.uleb128 0x10
 1476 000c 17       		.uleb128 0x17
 1477 000d 00       		.byte	0
 1478 000e 00       		.byte	0
ARM GAS  C:\Users\IZSOAN~1\AppData\Local\Temp\ccBLAGzm.s 			page 27


 1479 000f 02       		.uleb128 0x2
 1480 0010 24       		.uleb128 0x24
 1481 0011 00       		.byte	0
 1482 0012 0B       		.uleb128 0xb
 1483 0013 0B       		.uleb128 0xb
 1484 0014 3E       		.uleb128 0x3e
 1485 0015 0B       		.uleb128 0xb
 1486 0016 03       		.uleb128 0x3
 1487 0017 0E       		.uleb128 0xe
 1488 0018 00       		.byte	0
 1489 0019 00       		.byte	0
 1490 001a 03       		.uleb128 0x3
 1491 001b 16       		.uleb128 0x16
 1492 001c 00       		.byte	0
 1493 001d 03       		.uleb128 0x3
 1494 001e 0E       		.uleb128 0xe
 1495 001f 3A       		.uleb128 0x3a
 1496 0020 0B       		.uleb128 0xb
 1497 0021 3B       		.uleb128 0x3b
 1498 0022 0B       		.uleb128 0xb
 1499 0023 49       		.uleb128 0x49
 1500 0024 13       		.uleb128 0x13
 1501 0025 00       		.byte	0
 1502 0026 00       		.byte	0
 1503 0027 04       		.uleb128 0x4
 1504 0028 24       		.uleb128 0x24
 1505 0029 00       		.byte	0
 1506 002a 0B       		.uleb128 0xb
 1507 002b 0B       		.uleb128 0xb
 1508 002c 3E       		.uleb128 0x3e
 1509 002d 0B       		.uleb128 0xb
 1510 002e 03       		.uleb128 0x3
 1511 002f 08       		.uleb128 0x8
 1512 0030 00       		.byte	0
 1513 0031 00       		.byte	0
 1514 0032 05       		.uleb128 0x5
 1515 0033 01       		.uleb128 0x1
 1516 0034 01       		.byte	0x1
 1517 0035 49       		.uleb128 0x49
 1518 0036 13       		.uleb128 0x13
 1519 0037 01       		.uleb128 0x1
 1520 0038 13       		.uleb128 0x13
 1521 0039 00       		.byte	0
 1522 003a 00       		.byte	0
 1523 003b 06       		.uleb128 0x6
 1524 003c 21       		.uleb128 0x21
 1525 003d 00       		.byte	0
 1526 003e 49       		.uleb128 0x49
 1527 003f 13       		.uleb128 0x13
 1528 0040 2F       		.uleb128 0x2f
 1529 0041 05       		.uleb128 0x5
 1530 0042 00       		.byte	0
 1531 0043 00       		.byte	0
 1532 0044 07       		.uleb128 0x7
 1533 0045 26       		.uleb128 0x26
 1534 0046 00       		.byte	0
 1535 0047 49       		.uleb128 0x49
ARM GAS  C:\Users\IZSOAN~1\AppData\Local\Temp\ccBLAGzm.s 			page 28


 1536 0048 13       		.uleb128 0x13
 1537 0049 00       		.byte	0
 1538 004a 00       		.byte	0
 1539 004b 08       		.uleb128 0x8
 1540 004c 34       		.uleb128 0x34
 1541 004d 00       		.byte	0
 1542 004e 03       		.uleb128 0x3
 1543 004f 0E       		.uleb128 0xe
 1544 0050 3A       		.uleb128 0x3a
 1545 0051 0B       		.uleb128 0xb
 1546 0052 3B       		.uleb128 0x3b
 1547 0053 0B       		.uleb128 0xb
 1548 0054 49       		.uleb128 0x49
 1549 0055 13       		.uleb128 0x13
 1550 0056 3F       		.uleb128 0x3f
 1551 0057 19       		.uleb128 0x19
 1552 0058 02       		.uleb128 0x2
 1553 0059 18       		.uleb128 0x18
 1554 005a 00       		.byte	0
 1555 005b 00       		.byte	0
 1556 005c 09       		.uleb128 0x9
 1557 005d 21       		.uleb128 0x21
 1558 005e 00       		.byte	0
 1559 005f 49       		.uleb128 0x49
 1560 0060 13       		.uleb128 0x13
 1561 0061 2F       		.uleb128 0x2f
 1562 0062 0B       		.uleb128 0xb
 1563 0063 00       		.byte	0
 1564 0064 00       		.byte	0
 1565 0065 0A       		.uleb128 0xa
 1566 0066 34       		.uleb128 0x34
 1567 0067 00       		.byte	0
 1568 0068 03       		.uleb128 0x3
 1569 0069 0E       		.uleb128 0xe
 1570 006a 3A       		.uleb128 0x3a
 1571 006b 0B       		.uleb128 0xb
 1572 006c 3B       		.uleb128 0x3b
 1573 006d 05       		.uleb128 0x5
 1574 006e 49       		.uleb128 0x49
 1575 006f 13       		.uleb128 0x13
 1576 0070 3F       		.uleb128 0x3f
 1577 0071 19       		.uleb128 0x19
 1578 0072 02       		.uleb128 0x2
 1579 0073 18       		.uleb128 0x18
 1580 0074 00       		.byte	0
 1581 0075 00       		.byte	0
 1582 0076 00       		.byte	0
 1583              		.section	.debug_aranges,"",%progbits
 1584 0000 14000000 		.4byte	0x14
 1585 0004 0200     		.2byte	0x2
 1586 0006 00000000 		.4byte	.Ldebug_info0
 1587 000a 04       		.byte	0x4
 1588 000b 00       		.byte	0
 1589 000c 0000     		.2byte	0
 1590 000e 0000     		.2byte	0
 1591 0010 00000000 		.4byte	0
 1592 0014 00000000 		.4byte	0
ARM GAS  C:\Users\IZSOAN~1\AppData\Local\Temp\ccBLAGzm.s 			page 29


 1593              		.section	.debug_line,"",%progbits
 1594              	.Ldebug_line0:
 1595 0000 3D010000 		.section	.debug_str,"MS",%progbits,1
 1595      02003701 
 1595      00000201 
 1595      FB0E0D00 
 1595      01010101 
 1596              	.LASF9:
 1597 0000 5F5F7569 		.ascii	"__uint8_t\000"
 1597      6E74385F 
 1597      7400
 1598              	.LASF10:
 1599 000a 75696E74 		.ascii	"uint8_t\000"
 1599      385F7400 
 1600              	.LASF16:
 1601 0012 63795F6D 		.ascii	"cy_metadata\000"
 1601      65746164 
 1601      61746100 
 1602              	.LASF1:
 1603 001e 756E7369 		.ascii	"unsigned char\000"
 1603      676E6564 
 1603      20636861 
 1603      7200
 1604              	.LASF17:
 1605 002c 474E5520 		.ascii	"GNU C11 5.4.1 20160609 (release) [ARM/embedded-5-br"
 1605      43313120 
 1605      352E342E 
 1605      31203230 
 1605      31363036 
 1606 005f 616E6368 		.ascii	"anch revision 237715] -mcpu=cortex-m3 -mthumb -g -O"
 1606      20726576 
 1606      6973696F 
 1606      6E203233 
 1606      37373135 
 1607 0092 67202D66 		.ascii	"g -ffunction-sections -ffat-lto-objects\000"
 1607      66756E63 
 1607      74696F6E 
 1607      2D736563 
 1607      74696F6E 
 1608              	.LASF5:
 1609 00ba 6C6F6E67 		.ascii	"long unsigned int\000"
 1609      20756E73 
 1609      69676E65 
 1609      6420696E 
 1609      7400
 1610              	.LASF3:
 1611 00cc 73686F72 		.ascii	"short unsigned int\000"
 1611      7420756E 
 1611      7369676E 
 1611      65642069 
 1611      6E7400
 1612              	.LASF13:
 1613 00df 63795F6D 		.ascii	"cy_meta_custnvl\000"
 1613      6574615F 
 1613      63757374 
 1613      6E766C00 
 1614              	.LASF12:
ARM GAS  C:\Users\IZSOAN~1\AppData\Local\Temp\ccBLAGzm.s 			page 30


 1615 00ef 63795F6D 		.ascii	"cy_meta_configecc\000"
 1615      6574615F 
 1615      636F6E66 
 1615      69676563 
 1615      6300
 1616              	.LASF8:
 1617 0101 756E7369 		.ascii	"unsigned int\000"
 1617      676E6564 
 1617      20696E74 
 1617      00
 1618              	.LASF7:
 1619 010e 6C6F6E67 		.ascii	"long long unsigned int\000"
 1619      206C6F6E 
 1619      6720756E 
 1619      7369676E 
 1619      65642069 
 1620              	.LASF19:
 1621 0125 443A5C55 		.ascii	"D:\\Users\\Tarsoly\\Dokumentumok\\BME\\6. felev\\Mi"
 1621      73657273 
 1621      5C546172 
 1621      736F6C79 
 1621      5C446F6B 
 1622 0152 6B416C6B 		.ascii	"kAlk\\MikAlkHF\\LEDcontroller.cydsn\000"
 1622      5C4D696B 
 1622      416C6B48 
 1622      465C4C45 
 1622      44636F6E 
 1623              	.LASF15:
 1624 0174 63795F6D 		.ascii	"cy_meta_flashprotect\000"
 1624      6574615F 
 1624      666C6173 
 1624      6870726F 
 1624      74656374 
 1625              	.LASF14:
 1626 0189 63795F6D 		.ascii	"cy_meta_wonvl\000"
 1626      6574615F 
 1626      776F6E76 
 1626      6C00
 1627              	.LASF11:
 1628 0197 73697A65 		.ascii	"sizetype\000"
 1628      74797065 
 1628      00
 1629              	.LASF6:
 1630 01a0 6C6F6E67 		.ascii	"long long int\000"
 1630      206C6F6E 
 1630      6720696E 
 1630      7400
 1631              	.LASF2:
 1632 01ae 73686F72 		.ascii	"short int\000"
 1632      7420696E 
 1632      7400
 1633              	.LASF4:
 1634 01b8 6C6F6E67 		.ascii	"long int\000"
 1634      20696E74 
 1634      00
 1635              	.LASF0:
 1636 01c1 7369676E 		.ascii	"signed char\000"
ARM GAS  C:\Users\IZSOAN~1\AppData\Local\Temp\ccBLAGzm.s 			page 31


 1636      65642063 
 1636      68617200 
 1637              	.LASF18:
 1638 01cd 47656E65 		.ascii	"Generated_Source\\PSoC5\\cymetadata.c\000"
 1638      72617465 
 1638      645F536F 
 1638      75726365 
 1638      5C50536F 
 1639              		.ident	"GCC: (GNU Tools for ARM Embedded Processors) 5.4.1 20160609 (release) [ARM/embedded-5-bran
